<?xml version="1.0" encoding="UTF-8"?>
<!-- Generated by org.testng.reporters.JUnitXMLReporter -->
<testsuite ignored="7" hostname="DESKTOP-M4BKM5J" failures="0" tests="1" name="Default test" time="8.504" errors="0" timestamp="2024-06-30T03:39:28 CST">
  <testcase classname="fcm.qa.testcases.HomePageTest" name="verifyPageTitle" time="3.018"/>
  <testcase classname="fcm.qa.testcases.HomePageTest" name="verifyDiscussLink" time="0.0">
    <ignored/>
  </testcase> <!-- verifyDiscussLink -->
  <testcase classname="fcm.qa.testcases.HomePageTest" name="VerifyCrmLink" time="0.0">
    <ignored/>
  </testcase> <!-- VerifyCrmLink -->
  <testcase classname="fcm.qa.testcases.HomePageTest" name="verifyContactLink" time="0.0">
    <ignored/>
  </testcase> <!-- verifyContactLink -->
  <testcase classname="fcm.qa.testcases.HomePageTest" name="VerifySettingLink" time="0.0">
    <ignored/>
  </testcase> <!-- VerifySettingLink -->
  <testcase classname="fcm.qa.testcases.HomePageTest" name="VerifyAppLink" time="0.0">
    <ignored/>
  </testcase> <!-- VerifyAppLink -->
  <testcase classname="fcm.qa.testcases.HomePageTest" name="VerifydashLink" time="0.0">
    <ignored/>
  </testcase> <!-- VerifydashLink -->
  <testcase classname="fcm.qa.testcases.HomePageTest" name="verifyCalenderClick" time="0.0">
    <ignored/>
  </testcase> <!-- verifyCalenderClick -->
</testsuite> <!-- Default test -->
