<?xml version="1.0" encoding="UTF-8"?>
<!-- Generated by org.testng.reporters.JUnitXMLReporter -->
<testsuite ignored="0" hostname="DESKTOP-M4BKM5J" failures="0" tests="17" name="FreeCRM Automation Testing Suite" time="155.511" errors="0" timestamp="2024-06-30T03:37:43 CST">
  <testcase classname="fcm.qa.testcases.LoginPageTest" name="loginUser" time="0.298"/>
  <testcase classname="fcm.qa.testcases.LoginPageTest" name="verifyForgetLink" time="0.063"/>
  <testcase classname="fcm.qa.testcases.HomePageTest" name="verifyPageTitle" time="0.006"/>
  <testcase classname="fcm.qa.testcases.HomePageTest" name="verifyDiscussLink" time="3.167"/>
  <testcase classname="fcm.qa.testcases.HomePageTest" name="verifyCalenderClick" time="3.048"/>
  <testcase classname="fcm.qa.testcases.HomePageTest" name="verifyContactLink" time="2.615"/>
  <testcase classname="fcm.qa.testcases.HomePageTest" name="VerifyCrmLink" time="2.33"/>
  <testcase classname="fcm.qa.testcases.HomePageTest" name="VerifyAppLink" time="2.278"/>
  <testcase classname="fcm.qa.testcases.HomePageTest" name="VerifydashLink" time="3.206"/>
  <testcase classname="fcm.qa.testcases.HomePageTest" name="VerifySettingLink" time="3.422"/>
  <testcase classname="fcm.qa.testcases.DiscussPageTest" name="verifyPageTitle" time="0.006"/>
  <testcase classname="fcm.qa.testcases.DiscussPageTest" name="createMessage" time="0.97"/>
  <testcase classname="fcm.qa.testcases.ContactPageTest" name="validatePageTitle" time="2.01"/>
  <testcase classname="fcm.qa.testcases.ContactPageTest" name="verifyContactCreated" time="2.305"/>
  <testcase classname="fcm.qa.testcases.CalenderPageTest" name="validatePageTitleTest" time="2.017"/>
  <testcase classname="fcm.qa.testcases.CalenderPageTest" name="bookMeetingTest" time="3.78"/>
  <testcase classname="fcm.qa.testcases.CalenderPageTest" name="validatebookedMeetingTest" time="12.035"/>
</testsuite> <!-- FreeCRM Automation Testing Suite -->
