<?xml version="1.0" encoding="UTF-8"?>
<testng-results ignored="0" total="1" passed="1" failed="0" skipped="0">
  <reporter-output>
  </reporter-output>
  <suite started-at="2024-06-30T03:39:20 CST" name="Default suite" finished-at="2024-06-30T03:39:28 CST" duration-ms="8504">
    <groups>
    </groups>
    <test started-at="2024-06-30T03:39:20 CST" name="Default test" finished-at="2024-06-30T03:39:28 CST" duration-ms="8504">
      <class name="fcm.qa.testcases.HomePageTest">
        <test-method is-config="true" signature="setUp()[pri:0, instance:fcm.qa.testcases.HomePageTest@644baf4a]" started-at="2024-06-30T03:39:20 CST" name="setUp" finished-at="2024-06-30T03:39:25 CST" duration-ms="4624" status="PASS">
          <reporter-output>
          </reporter-output>
        </test-method> <!-- setUp -->
        <test-method signature="verifyPageTitle()[pri:1, instance:fcm.qa.testcases.HomePageTest@644baf4a]" started-at="2024-06-30T03:39:25 CST" name="verifyPageTitle" finished-at="2024-06-30T03:39:28 CST" duration-ms="3018" status="PASS">
          <reporter-output>
          </reporter-output>
        </test-method> <!-- verifyPageTitle -->
        <test-method is-config="true" signature="closeBrowser()[pri:0, instance:fcm.qa.testcases.HomePageTest@644baf4a]" started-at="2024-06-30T03:39:28 CST" name="closeBrowser" finished-at="2024-06-30T03:39:28 CST" duration-ms="825" status="PASS">
          <reporter-output>
          </reporter-output>
        </test-method> <!-- closeBrowser -->
      </class> <!-- fcm.qa.testcases.HomePageTest -->
    </test> <!-- Default test -->
  </suite> <!-- Default suite -->
</testng-results>
